This is pdfTeX, Version 3.14159265-2.6-1.40.17 (TeX Live 2016/MacPorts 2016_4) (preloaded format=pdflatex 2017.2.9)  21 MAR 2017 07:27
entering extended mode
 restricted \write18 enabled.
 %&-line parsing enabled.
**docs.tex
(./docs.tex
LaTeX2e <2016/03/31>
Babel <3.9r> and hyphenation patterns for 3 language(s) loaded.
(/opt/local/share/texmf-texlive/tex/latex/refman/refart.cls
Document Class: refart 2006/11/13 v2.0e LaTeX document class
\papermarginwidth=\skip41
(/opt/local/share/texmf-texlive/tex/latex/base/size10.clo
File: size10.clo 2014/09/29 v1.4h Standard LaTeX file (size option)
)
\leftmarginwidth=\dimen102
\fullwidth=\dimen103
\emptyfoottopmargin=\dimen104
\emptyheadtopmargin=\dimen105
\c@part=\count79
\c@section=\count80
\c@subsection=\count81
\c@subsubsection=\count82
\c@paragraph=\count83
\c@subparagraph=\count84
\c@figure=\count85
\c@table=\count86
\abovecaptionskip=\skip42
\belowcaptionskip=\skip43
\bibindent=\dimen106
)
(/opt/local/share/texmf-texlive/tex/latex/base/makeidx.sty
Package: makeidx 2014/09/29 v1.0m Standard LaTeX package
)
(/opt/local/share/texmf-texlive/tex/latex/base/ifthen.sty
Package: ifthen 2014/09/29 v1.1c Standard LaTeX ifthen package (DPC)
)
(/opt/local/share/texmf-texlive/tex/latex/graphics/graphicx.sty
Package: graphicx 2014/10/28 v1.0g Enhanced LaTeX Graphics (DPC,SPQR)

(/opt/local/share/texmf-texlive/tex/latex/graphics/keyval.sty
Package: keyval 2014/10/28 v1.15 key=value parser (DPC)
\KV@toks@=\toks14
)
(/opt/local/share/texmf-texlive/tex/latex/graphics/graphics.sty
Package: graphics 2016/05/09 v1.0r Standard LaTeX Graphics (DPC,SPQR)

(/opt/local/share/texmf-texlive/tex/latex/graphics/trig.sty
Package: trig 2016/01/03 v1.10 sin cos tan (DPC)
)
(/opt/local/share/texmf-texlive/tex/latex/graphics-cfg/graphics.cfg
File: graphics.cfg 2016/01/02 v1.10 sample graphics configuration
)
Package graphics Info: Driver file: pdftex.def on input line 96.

(/opt/local/share/texmf-texlive/tex/latex/pdftex-def/pdftex.def
File: pdftex.def 2011/05/27 v0.06d Graphics/color for pdfTeX

(/opt/local/share/texmf-texlive/tex/generic/oberdiek/infwarerr.sty
Package: infwarerr 2016/05/16 v1.4 Providing info/warning/error messages (HO)
)
(/opt/local/share/texmf-texlive/tex/generic/oberdiek/ltxcmds.sty
Package: ltxcmds 2016/05/16 v1.23 LaTeX kernel commands for general use (HO)
)
\Gread@gobject=\count87
))
\Gin@req@height=\dimen107
\Gin@req@width=\dimen108
)
\@indexfile=\write3
\openout3 = `docs.idx'.


Writing index file docs.idx
(./docs.aux)
\openout1 = `docs.aux'.

LaTeX Font Info:    Checking defaults for OML/cmm/m/it on input line 38.
LaTeX Font Info:    ... okay on input line 38.
LaTeX Font Info:    Checking defaults for T1/cmr/m/n on input line 38.
LaTeX Font Info:    ... okay on input line 38.
LaTeX Font Info:    Checking defaults for OT1/cmr/m/n on input line 38.
LaTeX Font Info:    ... okay on input line 38.
LaTeX Font Info:    Checking defaults for OMS/cmsy/m/n on input line 38.
LaTeX Font Info:    ... okay on input line 38.
LaTeX Font Info:    Checking defaults for OMX/cmex/m/n on input line 38.
LaTeX Font Info:    ... okay on input line 38.
LaTeX Font Info:    Checking defaults for U/cmr/m/n on input line 38.
LaTeX Font Info:    ... okay on input line 38.

(/opt/local/share/texmf-texlive/tex/context/base/mkii/supp-pdf.mkii
[Loading MPS to PDF converter (version 2006.09.02).]
\scratchcounter=\count88
\scratchdimen=\dimen109
\scratchbox=\box26
\nofMPsegments=\count89
\nofMParguments=\count90
\everyMPshowfont=\toks15
\MPscratchCnt=\count91
\MPscratchDim=\dimen110
\MPnumerator=\count92
\makeMPintoPDFobject=\count93
\everyMPtoPDFconversion=\toks16
) (/opt/local/share/texmf-texlive/tex/generic/oberdiek/pdftexcmds.sty
Package: pdftexcmds 2016/05/10 v0.21 Utility functions of pdfTeX for LuaTeX (HO
)

(/opt/local/share/texmf-texlive/tex/generic/oberdiek/ifluatex.sty
Package: ifluatex 2016/05/16 v1.4 Provides the ifluatex switch (HO)
Package ifluatex Info: LuaTeX not detected.
)
(/opt/local/share/texmf-texlive/tex/generic/oberdiek/ifpdf.sty
Package: ifpdf 2016/05/14 v3.1 Provides the ifpdf switch
)
Package pdftexcmds Info: LuaTeX not detected.
Package pdftexcmds Info: \pdf@primitive is available.
Package pdftexcmds Info: \pdf@ifprimitive is available.
Package pdftexcmds Info: \pdfdraftmode found.
)
(/opt/local/share/texmf-texlive/tex/latex/oberdiek/epstopdf-base.sty
Package: epstopdf-base 2016/05/15 v2.6 Base part for package epstopdf

(/opt/local/share/texmf-texlive/tex/latex/oberdiek/grfext.sty
Package: grfext 2016/05/16 v1.2 Manage graphics extensions (HO)

(/opt/local/share/texmf-texlive/tex/generic/oberdiek/kvdefinekeys.sty
Package: kvdefinekeys 2016/05/16 v1.4 Define keys (HO)
))
(/opt/local/share/texmf-texlive/tex/latex/oberdiek/kvoptions.sty
Package: kvoptions 2016/05/16 v3.12 Key value format for package options (HO)

(/opt/local/share/texmf-texlive/tex/generic/oberdiek/kvsetkeys.sty
Package: kvsetkeys 2016/05/16 v1.17 Key value parser (HO)

(/opt/local/share/texmf-texlive/tex/generic/oberdiek/etexcmds.sty
Package: etexcmds 2016/05/16 v1.6 Avoid name clashes with e-TeX commands (HO)
Package etexcmds Info: Could not find \expanded.
(etexcmds)             That can mean that you are not using pdfTeX 1.50 or
(etexcmds)             that some package has redefined \expanded.
(etexcmds)             In the latter case, load this package earlier.
)))
Package grfext Info: Graphics extension search list:
(grfext)             [.png,.pdf,.jpg,.mps,.jpeg,.jbig2,.jb2,.PNG,.PDF,.JPG,.JPE
G,.JBIG2,.JB2,.eps]
(grfext)             \AppendGraphicsExtensions on input line 456.

(/opt/local/share/texmf-texlive/tex/latex/latexconfig/epstopdf-sys.cfg
File: epstopdf-sys.cfg 2010/07/13 v1.3 Configuration of (r)epstopdf for TeX Liv
e
))
LaTeX Font Info:    External font `cmex10' loaded for size
(Font)              <7> on input line 40.
LaTeX Font Info:    External font `cmex10' loaded for size
(Font)              <5> on input line 40.
LaTeX Font Info:    Try loading font information for OMS+cmr on input line 40.

(/opt/local/share/texmf-texlive/tex/latex/base/omscmr.fd
File: omscmr.fd 2014/09/29 v2.5h Standard LaTeX font definitions
)
LaTeX Font Info:    Font shape `OMS/cmr/m/n' in size <7> not available
(Font)              Font shape `OMS/cmsy/m/n' tried instead on input line 40.
LaTeX Font Info:    External font `cmex10' loaded for size
(Font)              <8> on input line 40.
LaTeX Font Info:    External font `cmex10' loaded for size
(Font)              <6> on input line 40.
LaTeX Font Info:    Font shape `OMS/cmr/m/n' in size <6> not available
(Font)              Font shape `OMS/cmsy/m/n' tried instead on input line 40.
 (./docs.toc [1

{/opt/local/var/db/texmf/fonts/map/pdftex/updmap/pdftex.map}])
\tf@toc=\write4
\openout4 = `docs.toc'.

 [2]
<architecture.pdf, id=24, 877.2775pt x 521.95pt>
File: architecture.pdf Graphic file (type pdf)
 <use architecture.pdf>
Package pdftex.def Info: architecture.pdf used on input line 67.
(pdftex.def)             Requested size: 316.0pt x 188.01335pt.

[3 <./architecture.pdf>]
LaTeX Font Info:    External font `cmex10' loaded for size
(Font)              <9> on input line 117.
LaTeX Font Info:    External font `cmex10' loaded for size
(Font)              <12> on input line 158.
 [4]
LaTeX Font Info:    Font shape `OMS/cmr/m/n' in size <10> not available
(Font)              Font shape `OMS/cmsy/m/n' tried instead on input line 234.
 [5] [6] [7] [8] [9] [10] (./lay_e2.tex [11]
[12

] [13]
\T=\count94
 [14]
Overfull \hbox (18.16626pt too wide) in paragraph at lines 523--526
[][]\OT1/cmr/m/n/10 The text height is cal-cu-lated as the pa-per height mi-nus
 2 \OT1/cmtt/m/n/10 \papermarginwidth\OT1/cmr/m/n/10 .
 []

[15



] [16]
Overfull \hbox (7.47023pt too wide) in paragraph at lines 651--657
\OT1/cmr/m/n/10 com-mand us-ing a []\OT1/cmtt/m/n/10 \renewcommand{\attentionsy
mbol}{\texttt\{:-)\}}
 []


Overfull \hbox (11.98961pt too wide) in paragraph at lines 651--657
\OT1/cmr/m/n/10 com-mand. To get the de-fault back use []\OT1/cmtt/m/n/10 \rene
wcommand{\attentionsymbol}
 []

[17] [18]
Overfull \hbox (3.41617pt too wide) in paragraph at lines 737--741
\OT1/cmr/m/n/10 You can dis-able the rules be-fore and af-ter a \OT1/cmtt/m/n/1
0 maxipage \OT1/cmr/m/n/10 with the \OT1/cmtt/m/n/10 \maxipage-
 []


Overfull \hbox (14.22083pt too wide) in paragraph at lines 774--777
[]\OT1/cmr/m/n/10 You can re-de-fine the bor-der with \OT1/cmtt/m/n/10 \setleng
th\papermarginwidth []{0.25in}\OT1/cmr/m/n/10 .
 []

[19])
No file docs.ind.
[20] (./docs.aux) ) 
Here is how much of TeX's memory you used:
 1706 strings out of 494946
 23874 string characters out of 6180907
 80878 words of memory out of 5000000
 4977 multiletter control sequences out of 15000+600000
 11987 words of font info for 42 fonts, out of 8000000 for 9000
 14 hyphenation exceptions out of 8191
 37i,17n,23p,398b,433s stack positions out of 5000i,500n,10000p,200000b,80000s
</opt/local/share/texmf-texlive/fonts/type1/public/amsfonts/
cm/cmbx10.pfb></opt/local/share/texmf-texlive/fonts/type1/public/amsfonts/cm/cm
bx12.pfb></opt/local/share/texmf-texlive/fonts/type1/public/amsfonts/cm/cmbx7.p
fb></opt/local/share/texmf-texlive/fonts/type1/public/amsfonts/cm/cmbx8.pfb></o
pt/local/share/texmf-texlive/fonts/type1/public/amsfonts/cm/cmbx9.pfb></opt/loc
al/share/texmf-texlive/fonts/type1/public/amsfonts/cm/cmcsc10.pfb></opt/local/s
hare/texmf-texlive/fonts/type1/public/amsfonts/cm/cmmi10.pfb></opt/local/share/
texmf-texlive/fonts/type1/public/amsfonts/cm/cmr10.pfb></opt/local/share/texmf-
texlive/fonts/type1/public/amsfonts/cm/cmr6.pfb></opt/local/share/texmf-texlive
/fonts/type1/public/amsfonts/cm/cmr7.pfb></opt/local/share/texmf-texlive/fonts/
type1/public/amsfonts/cm/cmr8.pfb></opt/local/share/texmf-texlive/fonts/type1/p
ublic/amsfonts/cm/cmr9.pfb></opt/local/share/texmf-texlive/fonts/type1/public/a
msfonts/cm/cmsl10.pfb></opt/local/share/texmf-texlive/fonts/type1/public/amsfon
ts/cm/cmsl8.pfb></opt/local/share/texmf-texlive/fonts/type1/public/amsfonts/cm/
cmsy10.pfb></opt/local/share/texmf-texlive/fonts/type1/public/amsfonts/cm/cmsy6
.pfb></opt/local/share/texmf-texlive/fonts/type1/public/amsfonts/cm/cmsy7.pfb><
/opt/local/share/texmf-texlive/fonts/type1/public/amsfonts/cm/cmsy9.pfb></opt/l
ocal/share/texmf-texlive/fonts/type1/public/amsfonts/cm/cmti10.pfb></opt/local/
share/texmf-texlive/fonts/type1/public/amsfonts/cm/cmti8.pfb></opt/local/share/
texmf-texlive/fonts/type1/public/amsfonts/cm/cmti9.pfb></opt/local/share/texmf-
texlive/fonts/type1/public/amsfonts/cm/cmtt10.pfb></opt/local/share/texmf-texli
ve/fonts/type1/public/amsfonts/cm/cmtt8.pfb></opt/local/share/texmf-texlive/fon
ts/type1/public/amsfonts/cm/cmtt9.pfb></opt/local/share/texmf-texlive/fonts/typ
e1/public/amsfonts/latxfont/line10.pfb>
Output written on docs.pdf (20 pages, 328458 bytes).
PDF statistics:
 183 PDF objects out of 1000 (max. 8388607)
 131 compressed objects within 2 object streams
 0 named destinations out of 1000 (max. 500000)
 6 words of extra memory for PDF output out of 10000 (max. 10000000)

